0.000	 0.000000	 3.481474	 0.840012
1.000	 0.000000	 3.481474	 0.840012
2.000	 0.000000	 3.481474	 0.840012
3.000	 0.000000	 3.481474	 0.840012
4.000	 0.000000	 3.481474	 0.840012
5.000	 0.000000	 3.481474	 0.840012
6.000	 0.000000	 3.481474	 0.840012
7.000	 0.000000	 3.481474	 0.840012
8.000	 0.000000	 3.481474	 0.840012
9.000	 0.000000	 3.481474	 0.840012
10.000	 0.000000	 3.481474	 0.840012
11.000	 0.000000	 3.481474	 0.840012
12.000	 0.000000	 3.481474	 0.840012
13.000	 0.000000	 3.481474	 0.840012
14.000	 0.000000	 3.481474	 0.840012
15.000	 0.000000	 3.481474	 0.840012
16.000	 0.000000	 3.481474	 0.840012
17.000	 0.000000	 3.481474	 0.840012
18.000	 0.000000	 3.481474	 0.840012
19.000	 0.000000	 3.481474	 0.840012
20.000	 0.000000	 3.481474	 0.840012
21.000	 0.000000	 3.481474	 0.840012
22.000	 0.000000	 3.481474	 0.840012
23.000	 0.000000	 3.481474	 0.840012
24.000	 0.000000	 3.481474	 0.840012
25.000	 0.000000	 3.481474	 0.840012
26.000	 0.000000	 3.481474	 0.840012
27.000	 0.000000	 3.481474	 0.840012
28.000	 0.000000	 3.481474	 0.840012
29.000	 0.000000	 3.481474	 0.840012
30.000	 0.000000	 3.481474	 0.840012
31.000	 0.000000	 3.481474	 0.840012
32.000	 0.000000	 3.481474	 0.840012
33.000	 0.000000	 3.481474	 0.840012
34.000	 0.000000	 3.481474	 0.840012
35.000	 0.000000	 3.481474	 0.840012
36.000	 0.000000	 3.481474	 0.840012
37.000	 0.000000	 3.481474	 0.840012
38.000	 0.000000	 3.481474	 0.840012
39.000	 0.000000	 3.481474	 0.840012
40.000	 0.000000	 3.481474	 0.840012
41.000	 0.000000	 3.481474	 0.840012
42.000	 0.000000	 3.481474	 0.840012
43.000	 0.000000	 3.481474	 0.840012
44.000	 0.000000	 3.481474	 0.840012
45.000	 0.000000	 3.481474	 0.840012
46.000	 0.000000	 3.481474	 0.840012
47.000	 0.000000	 3.481474	 0.840012
48.000	 0.000000	 3.481474	 0.840012
49.000	 0.000000	 3.481474	 0.840012
50.000	 0.000000	 3.481474	 0.840012
51.000	 0.000000	 3.481474	 0.840012
52.000	 0.000000	 3.481474	 0.840012
53.000	 0.000000	 3.481474	 0.840012
54.000	 0.000000	 3.481474	 0.840012
55.000	 0.000000	 3.481474	 0.840011
56.000	 0.000000	 3.481474	 0.840011
57.000	 0.000000	 3.481474	 0.840011
58.000	 0.000000	 3.481474	 0.840011
59.000	 0.000000	 3.481474	 0.840011
60.000	 0.000000	 3.481474	 0.840011
61.000	 0.000000	 3.481474	 0.840011
62.000	 0.000000	 3.481474	 0.840011
63.000	 0.000000	 3.481474	 0.840011
64.000	 0.000000	 3.481474	 0.840011
65.000	 0.000000	 3.481474	 0.840011
66.000	 0.000000	 3.481474	 0.840011
67.000	 0.000000	 3.481474	 0.840011
68.000	 0.000000	 3.481474	 0.840011
69.000	 0.000000	 3.481474	 0.840011
70.000	 0.000000	 3.481474	 0.840011
71.000	 0.000000	 3.481474	 0.840011
72.000	 0.000000	 3.481474	 0.840011
73.000	 0.000000	 3.481474	 0.840011
74.000	 0.000000	 3.481474	 0.840011
75.000	 0.000000	 3.481474	 0.840011
76.000	 0.000000	 3.481474	 0.840011
77.000	 0.000000	 3.481474	 0.840011
78.000	 0.000000	 3.481474	 0.840011
79.000	 0.000000	 3.481474	 0.840011
80.000	 0.000000	 3.481474	 0.840011
81.000	 0.000000	 3.481474	 0.840011
82.000	 0.000000	 3.481474	 0.840011
83.000	 0.000000	 3.481474	 0.840011
84.000	 0.000000	 3.481474	 0.840011
85.000	 0.000000	 3.481474	 0.840011
86.000	 0.000000	 3.481474	 0.840011
87.000	 0.000000	 3.481474	 0.840011
88.000	 0.000000	 3.481474	 0.840011
89.000	 0.000000	 3.481474	 0.840011
90.000	 0.000000	 3.481474	 0.840011
91.000	 0.000000	 3.481474	 0.840011
92.000	 0.000000	 3.481474	 0.840011
93.000	 0.000000	 3.481474	 0.840011
94.000	 0.000000	 3.481474	 0.840011
95.000	 0.000000	 3.481474	 0.840011
96.000	 0.000000	 3.481474	 0.840011
97.000	 0.000000	 3.481474	 0.840011
98.000	 0.000000	 3.481474	 0.840011
99.000	 0.000000	 3.481474	 0.840011
100.000	 0.000000	 3.481474	 0.840011
101.000	 0.000000	 3.481474	 0.840011
102.000	 0.000000	 3.481474	 0.840011
103.000	 0.000000	 3.481474	 0.840011
104.000	 0.000000	 3.481474	 0.840011
105.000	 0.000000	 3.481474	 0.840011
106.000	 0.000000	 3.481474	 0.840011
107.000	 0.000000	 3.481474	 0.840011
108.000	 0.000000	 3.481474	 0.840011
109.000	 0.000000	 3.481474	 0.840011
110.000	 0.000000	 3.481474	 0.840011
111.000	 0.000000	 3.481474	 0.840011
112.000	 0.000000	 3.481474	 0.840011
113.000	 0.000000	 3.481474	 0.840011
114.000	 0.000000	 3.481474	 0.840011
115.000	 0.000000	 3.481474	 0.840011
116.000	 0.000000	 3.481474	 0.840011
117.000	 0.000000	 3.481474	 0.840011
118.000	 0.000000	 3.481474	 0.840011
119.000	 0.000000	 3.481474	 0.840011
120.000	 0.000000	 3.481474	 0.840011
121.000	 0.000000	 3.481474	 0.840011
122.000	 0.000000	 3.481474	 0.840011
123.000	 0.000000	 3.481474	 0.840011
124.000	 0.000000	 3.481474	 0.840012
125.000	 0.000000	 3.481474	 0.840012
126.000	 0.000000	 3.481474	 0.840012
127.000	 0.000000	 3.481474	 0.840012
128.000	 0.000000	 3.481474	 0.840012
129.000	 0.000000	 3.481474	 0.840012
130.000	 0.000000	 3.481474	 0.840012
131.000	 0.000000	 3.481474	 0.840012
132.000	 0.000000	 3.481474	 0.840012
133.000	 0.000000	 3.481474	 0.840012
134.000	 0.000000	 3.481474	 0.840012
135.000	 0.000000	 3.481474	 0.840012
136.000	 0.000000	 3.481474	 0.840012
137.000	 0.000000	 3.481474	 0.840012
138.000	 0.000000	 3.481474	 0.840012
139.000	 0.000000	 3.481474	 0.840012
140.000	 0.000000	 3.481474	 0.840012
141.000	 0.000000	 3.481474	 0.840012
142.000	 0.000000	 3.481474	 0.840012
143.000	 0.000000	 3.481474	 0.840012
144.000	 0.000000	 3.481474	 0.840012
145.000	 0.000000	 3.481474	 0.840012
146.000	 0.000000	 3.481474	 0.840012
147.000	 0.000000	 3.481474	 0.840012
148.000	 0.000000	 3.481474	 0.840012
149.000	 0.000000	 3.481474	 0.840012
150.000	 0.000000	 3.481474	 0.840012
151.000	 0.000000	 3.481474	 0.840012
152.000	 0.000000	 3.481474	 0.840012
153.000	 0.000000	 3.481474	 0.840012
154.000	 0.000000	 3.481474	 0.840012
155.000	 0.000000	 3.481474	 0.840012
156.000	 0.000000	 3.481474	 0.840012
157.000	 0.000000	 3.481474	 0.840012
158.000	 0.000000	 3.481474	 0.840012
159.000	 0.000000	 3.481474	 0.840012
160.000	 0.000000	 3.481474	 0.840012
161.000	 0.000000	 3.481474	 0.840012
162.000	 0.000000	 3.481474	 0.840012
163.000	 0.000000	 3.481474	 0.840012
164.000	 0.000000	 3.481474	 0.840012
165.000	 0.000000	 3.481474	 0.840012
166.000	 0.000000	 3.481474	 0.840012
167.000	 0.000000	 3.481474	 0.840012
168.000	 0.000000	 3.481474	 0.840012
169.000	 0.000000	 3.481474	 0.840012
170.000	 0.000000	 3.481474	 0.840012
171.000	 0.000000	 3.481474	 0.840012
172.000	 0.000000	 3.481474	 0.840012
173.000	 0.000000	 3.481474	 0.840012
174.000	 0.000000	 3.481474	 0.840012
175.000	 0.000000	 3.481474	 0.840012
176.000	 0.000000	 3.481474	 0.840012
177.000	 0.000000	 3.481474	 0.840012
178.000	 0.000000	 3.481474	 0.840012
179.000	 0.000000	 3.481474	 0.840012
180.000	 0.000000	 3.481474	 0.840012
181.000	 0.000000	 3.481474	 0.840012
182.000	 0.000000	 3.481474	 0.840012
183.000	 0.000000	 3.481474	 0.840012
184.000	 0.000000	 3.481474	 0.840012
185.000	 0.000000	 3.481474	 0.840012
186.000	 0.000000	 3.481474	 0.840012
187.000	 0.000000	 3.481474	 0.840012
188.000	 0.000000	 3.481474	 0.840012
189.000	 0.000000	 3.481474	 0.840012
190.000	 0.000000	 3.481474	 0.840012
191.000	 0.000000	 3.481474	 0.840012
192.000	 0.000000	 3.481474	 0.840012
193.000	 0.000000	 3.481474	 0.840012
194.000	 0.000000	 3.481474	 0.840012
195.000	 0.000000	 3.481474	 0.840012
196.000	 0.000000	 3.481474	 0.840012
197.000	 0.000000	 3.481474	 0.840012
198.000	 0.000000	 3.481474	 0.840012
199.000	 0.000000	 3.481474	 0.840012
200.000	 0.000000	 3.481474	 0.840012
201.000	 0.000000	 3.481474	 0.840012
202.000	 0.000000	 3.481474	 0.840012
203.000	 0.000000	 3.481474	 0.840012
204.000	 0.000000	 3.481474	 0.840012
205.000	 0.000000	 3.481474	 0.840012
206.000	 0.000000	 3.481474	 0.840012
207.000	 0.000000	 3.481474	 0.840012
208.000	 0.000000	 3.481474	 0.840012
209.000	 0.000000	 3.481474	 0.840012
210.000	 0.000000	 3.481474	 0.840012
211.000	 0.000000	 3.481474	 0.840012
212.000	 0.000000	 3.481474	 0.840012
213.000	 0.000000	 3.481474	 0.840012
214.000	 0.000000	 3.481474	 0.840012
215.000	 0.000000	 3.481474	 0.840012
216.000	 0.000000	 3.481474	 0.840012
217.000	 0.000000	 3.481474	 0.840012
218.000	 0.000000	 3.481474	 0.840012
219.000	 0.000000	 3.481474	 0.840012
220.000	 0.000000	 3.481474	 0.840012
221.000	 0.000000	 3.481474	 0.840012
222.000	 0.000000	 3.481474	 0.840012
223.000	 0.000000	 3.481474	 0.840012
224.000	 0.000000	 3.481474	 0.840012
225.000	 0.000000	 3.481474	 0.840012
226.000	 0.000000	 3.481474	 0.840012
227.000	 0.000000	 3.481474	 0.840012
228.000	 0.000000	 3.481474	 0.840012
229.000	 0.000000	 3.481474	 0.840012
230.000	 0.000000	 3.481474	 0.840012
231.000	 0.000000	 3.481474	 0.840012
232.000	 0.000000	 3.481474	 0.840012
233.000	 0.000000	 3.481474	 0.840012
234.000	 0.000000	 3.481474	 0.840012
235.000	 0.000000	 3.481474	 0.840012
236.000	 0.000000	 3.481474	 0.840012
237.000	 0.000000	 3.481474	 0.840012
238.000	 0.000000	 3.481474	 0.840012
239.000	 0.000000	 3.481474	 0.840012
240.000	 0.000000	 3.481474	 0.840012
241.000	 0.000000	 3.481474	 0.840012
242.000	 0.000000	 3.481474	 0.840012
243.000	 0.000000	 3.481474	 0.840012
244.000	 0.000000	 3.481474	 0.840012
245.000	 0.000000	 3.481474	 0.840012
246.000	 0.000000	 3.481474	 0.840012
247.000	 0.000000	 3.481474	 0.840012
248.000	 0.000000	 3.481474	 0.840012
249.000	 0.000000	 3.481474	 0.840012
250.000	 0.000000	 3.481474	 0.840012
251.000	 0.000000	 3.481474	 0.840012
252.000	 0.000000	 3.481474	 0.840012
253.000	 0.000000	 3.481474	 0.840012
254.000	 0.000000	 3.481474	 0.840012
255.000	 0.000000	 3.481474	 0.840012
256.000	 0.000000	 3.481474	 0.840012
257.000	 0.000000	 3.481474	 0.840013
258.000	 0.000000	 3.481474	 0.840013
259.000	 0.000000	 3.481474	 0.840013
260.000	 0.000000	 3.481475	 0.840013
261.000	 0.000000	 3.481475	 0.840013
262.000	 0.000000	 3.481475	 0.840013
263.000	 0.000000	 3.481475	 0.840014
264.000	 0.000000	 3.481475	 0.840014
265.000	 0.000000	 3.481475	 0.840014
266.000	 0.000000	 3.481475	 0.840014
267.000	 0.000000	 3.481475	 0.840015
268.000	 0.000000	 3.481476	 0.840015
269.000	 0.000000	 3.481476	 0.840015
270.000	 0.000000	 3.481476	 0.840016
271.000	 0.000000	 3.481476	 0.840016
272.000	 0.000000	 3.481476	 0.840016
273.000	 0.000000	 3.481477	 0.840017
274.000	 0.000000	 3.481477	 0.840017
275.000	 0.000000	 3.481477	 0.840018
276.000	 0.000000	 3.481477	 0.840018
277.000	 0.000000	 3.481478	 0.840018
278.000	 0.000000	 3.481478	 0.840019
279.000	 0.000000	 3.481478	 0.840019
280.000	 0.000000	 3.481479	 0.840020
281.000	 0.000000	 3.481479	 0.840020
282.000	 0.000000	 3.481479	 0.840021
283.000	 0.000000	 3.481480	 0.840022
284.000	 0.000000	 3.481480	 0.840022
285.000	 0.000000	 3.481480	 0.840023
286.000	 0.000000	 3.481481	 0.840023
287.000	 0.000000	 3.481481	 0.840024
288.000	 0.000000	 3.481481	 0.840025
289.000	 0.000000	 3.481482	 0.840025
290.000	 0.000000	 3.481482	 0.840026
291.000	 0.000000	 3.481483	 0.840027
292.000	 0.000000	 3.481483	 0.840027
293.000	 0.000000	 3.481483	 0.840028
294.000	 0.000000	 3.481484	 0.840029
295.000	 0.000000	 3.481484	 0.840029
296.000	 0.000000	 3.481484	 0.840030
297.000	 0.000000	 3.481485	 0.840031
298.000	 0.000000	 3.481485	 0.840031
299.000	 0.000000	 3.481486	 0.840032
300.000	 0.000000	 3.481486	 0.840033
301.000	 0.000000	 3.481487	 0.840033
302.000	 0.000000	 3.481487	 0.840034
303.000	 0.000000	 3.481487	 0.840035
304.000	 0.000000	 3.481488	 0.840035
305.000	 0.000000	 3.481488	 0.840036
306.000	 0.000000	 3.481489	 0.840037
307.000	 0.000000	 3.481489	 0.840038
308.000	 0.000000	 3.481490	 0.840038
309.000	 0.000000	 3.481490	 0.840039
310.000	 0.000000	 3.481490	 0.840040
311.000	 0.000000	 3.481491	 0.840040
312.000	 0.000000	 3.481491	 0.840041
313.000	 0.000000	 3.481492	 0.840042
314.000	 0.000000	 3.481492	 0.840043
315.000	 0.000000	 3.481492	 0.840043
316.000	 0.000000	 3.481493	 0.840044
317.000	 0.000000	 3.481493	 0.840045
318.000	 0.000000	 3.481494	 0.840045
319.000	 0.000000	 3.481494	 0.840046
320.000	 0.000000	 3.481495	 0.840047
321.000	 0.000000	 3.481495	 0.840047
322.000	 0.000000	 3.481495	 0.840048
323.000	 0.000000	 3.481496	 0.840049
324.000	 0.000000	 3.481496	 0.840049
325.000	 0.000000	 3.481496	 0.840050
326.000	 0.000000	 3.481497	 0.840051
327.000	 0.000000	 3.481497	 0.840051
328.000	 0.000000	 3.481498	 0.840052
329.000	 0.000000	 3.481498	 0.840053
330.000	 0.000000	 3.481498	 0.840053
331.000	 0.000000	 3.481499	 0.840054
332.000	 0.000000	 3.481499	 0.840054
333.000	 0.000000	 3.481499	 0.840055
334.000	 0.000000	 3.481500	 0.840056
335.000	 0.000000	 3.481500	 0.840056
336.000	 0.000000	 3.481500	 0.840057
337.000	 0.000000	 3.481501	 0.840057
338.000	 0.000000	 3.481501	 0.840058
339.000	 0.000000	 3.481501	 0.840058
340.000	 0.000000	 3.481501	 0.840059
341.000	 0.000000	 3.481502	 0.840059
342.000	 0.000000	 3.481502	 0.840059
343.000	 0.000000	 3.481502	 0.840060
344.000	 0.000000	 3.481502	 0.840060
345.000	 0.000000	 3.481503	 0.840060
346.000	 0.000000	 3.481503	 0.840061
347.000	 0.000000	 3.481503	 0.840061
348.000	 0.000000	 3.481503	 0.840061
349.000	 0.000000	 3.481503	 0.840062
350.000	 0.000000	 3.481503	 0.840062
351.000	 0.000000	 3.481503	 0.840062
352.000	 0.000000	 3.481503	 0.840062
353.000	 0.000000	 3.481504	 0.840062
354.000	 0.000000	 3.481504	 0.840062
355.000	 0.000000	 3.481504	 0.840062
356.000	 0.000000	 3.481504	 0.840062
357.000	 0.000000	 3.481504	 0.840062
358.000	 0.000000	 3.481504	 0.840062
359.000	 0.000000	 3.481504	 0.840062
360.000	 0.000000	 3.481504	 0.840062
361.000	 0.000000	 3.481503	 0.840062
362.000	 0.000000	 3.481503	 0.840062
363.000	 0.000000	 3.481503	 0.840062
364.000	 0.000000	 3.481503	 0.840062
365.000	 0.000000	 3.481503	 0.840062
366.000	 0.000000	 3.481503	 0.840062
367.000	 0.000000	 3.481503	 0.840062
368.000	 0.000000	 3.481503	 0.840062
369.000	 0.000000	 3.481503	 0.840062
370.000	 0.000000	 3.481503	 0.840061
371.000	 0.000000	 3.481503	 0.840061
372.000	 0.000000	 3.481503	 0.840061
373.000	 0.000000	 3.481503	 0.840061
374.000	 0.000000	 3.481503	 0.840061
375.000	 0.000000	 3.481503	 0.840061
376.000	 0.000000	 3.481503	 0.840061
377.000	 0.000000	 3.481503	 0.840061
378.000	 0.000000	 3.481503	 0.840061
379.000	 0.000000	 3.481503	 0.840061
380.000	 0.000000	 3.481503	 0.840061
381.000	 0.000000	 3.481503	 0.840061
382.000	 0.000000	 3.481503	 0.840061
383.000	 0.000000	 3.481503	 0.840061
384.000	 0.000000	 3.481502	 0.840060
385.000	 0.000000	 3.481502	 0.840060
386.000	 0.000000	 3.481502	 0.840060
387.000	 0.000000	 3.481502	 0.840060
388.000	 0.000000	 3.481502	 0.840060
389.000	 0.000000	 3.481502	 0.840060
390.000	 0.000000	 3.481502	 0.840060
391.000	 0.000000	 3.481502	 0.840060
392.000	 0.000000	 3.481502	 0.840060
393.000	 0.000000	 3.481502	 0.840060
394.000	 0.000000	 3.481502	 0.840060
395.000	 0.000000	 3.481502	 0.840060
396.000	 0.000000	 3.481502	 0.840060
397.000	 0.000000	 3.481502	 0.840059
398.000	 0.000000	 3.481502	 0.840059
399.000	 0.000000	 3.481502	 0.840059
400.000	 0.000000	 3.481502	 0.840059
401.000	 0.000000	 3.481502	 0.840059
402.000	 0.000000	 3.481502	 0.840059
403.000	 0.000000	 3.481502	 0.840059
404.000	 0.000000	 3.481502	 0.840059
405.000	 0.000000	 3.481502	 0.840059
406.000	 0.000000	 3.481501	 0.840059
407.000	 0.000000	 3.481501	 0.840059
408.000	 0.000000	 3.481501	 0.840059
409.000	 0.000000	 3.481501	 0.840059
410.000	 0.000000	 3.481501	 0.840058
411.000	 0.000000	 3.481501	 0.840058
412.000	 0.000000	 3.481501	 0.840058
413.000	 0.000000	 3.481501	 0.840058
414.000	 0.000000	 3.481501	 0.840058
415.000	 0.000000	 3.481501	 0.840058
416.000	 0.000000	 3.481501	 0.840058
417.000	 0.000000	 3.481501	 0.840058
418.000	 0.000000	 3.481501	 0.840058
419.000	 0.000000	 3.481501	 0.840058
420.000	 0.000000	 3.481501	 0.840058
421.000	 0.000000	 3.481501	 0.840058
422.000	 0.000000	 3.481501	 0.840057
423.000	 0.000000	 3.481501	 0.840057
424.000	 0.000000	 3.481501	 0.840057
425.000	 0.000000	 3.481500	 0.840057
426.000	 0.000000	 3.481500	 0.840057
427.000	 0.000000	 3.481500	 0.840057
428.000	 0.000000	 3.481500	 0.840057
429.000	 0.000000	 3.481500	 0.840057
430.000	 0.000000	 3.481500	 0.840057
431.000	 0.000000	 3.481500	 0.840057
432.000	 0.000000	 3.481500	 0.840057
433.000	 0.000000	 3.481500	 0.840057
434.000	 0.000000	 3.481500	 0.840056
435.000	 0.000000	 3.481500	 0.840056
436.000	 0.000000	 3.481500	 0.840056
437.000	 0.000000	 3.481500	 0.840056
438.000	 0.000000	 3.481500	 0.840056
439.000	 0.000000	 3.481500	 0.840056
440.000	 0.000000	 3.481500	 0.840056
441.000	 0.000000	 3.481500	 0.840056
442.000	 0.000000	 3.481500	 0.840056
443.000	 0.000000	 3.481500	 0.840056
444.000	 0.000000	 3.481499	 0.840056
445.000	 0.000000	 3.481499	 0.840055
446.000	 0.000000	 3.481499	 0.840055
447.000	 0.000000	 3.481499	 0.840055
448.000	 0.000000	 3.481499	 0.840055
449.000	 0.000000	 3.481499	 0.840055
450.000	 0.000000	 3.481499	 0.840055
451.000	 0.000000	 3.481499	 0.840055
452.000	 0.000000	 3.481499	 0.840055
453.000	 0.000000	 3.481499	 0.840055
454.000	 0.000000	 3.481499	 0.840055
455.000	 0.000000	 3.481499	 0.840055
456.000	 0.000000	 3.481499	 0.840054
457.000	 0.000000	 3.481499	 0.840054
458.000	 0.000000	 3.481499	 0.840054
459.000	 0.000000	 3.481499	 0.840054
460.000	 0.000000	 3.481499	 0.840054
461.000	 0.000000	 3.481499	 0.840054
462.000	 0.000000	 3.481498	 0.840054
463.000	 0.000000	 3.481498	 0.840054
464.000	 0.000000	 3.481498	 0.840054
465.000	 0.000000	 3.481498	 0.840054
466.000	 0.000000	 3.481498	 0.840053
467.000	 0.000000	 3.481498	 0.840053
468.000	 0.000000	 3.481498	 0.840053
469.000	 0.000000	 3.481498	 0.840053
470.000	 0.000000	 3.481498	 0.840053
471.000	 0.000000	 3.481498	 0.840053
472.000	 0.000000	 3.481498	 0.840053
473.000	 0.000000	 3.481498	 0.840053
474.000	 0.000000	 3.481498	 0.840053
475.000	 0.000000	 3.481498	 0.840053
476.000	 0.000000	 3.481498	 0.840052
477.000	 0.000000	 3.481498	 0.840052
478.000	 0.000000	 3.481497	 0.840052
479.000	 0.000000	 3.481497	 0.840052
480.000	 0.000000	 3.481497	 0.840052
481.000	 0.000000	 3.481497	 0.840052
482.000	 0.000000	 3.481497	 0.840052
483.000	 0.000000	 3.481497	 0.840052
484.000	 0.000000	 3.481497	 0.840052
485.000	 0.000000	 3.481497	 0.840052
486.000	 0.000000	 3.481497	 0.840051
487.000	 0.000000	 3.481497	 0.840051
488.000	 0.000000	 3.481497	 0.840051
489.000	 0.000000	 3.481497	 0.840051
490.000	 0.000000	 3.481497	 0.840051
491.000	 0.000000	 3.481497	 0.840051
492.000	 0.000000	 3.481497	 0.840051
493.000	 0.000000	 3.481497	 0.840051
494.000	 0.000000	 3.481496	 0.840051
495.000	 0.000000	 3.481496	 0.840051
496.000	 0.000000	 3.481496	 0.840050
497.000	 0.000000	 3.481496	 0.840050
498.000	 0.000000	 3.481496	 0.840050
499.000	 0.000000	 3.481496	 0.840050
500.000	 0.000000	 3.481496	 0.840050
501.000	 0.000000	 3.481496	 0.840050
502.000	 0.000000	 3.481496	 0.840050
503.000	 0.000000	 3.481496	 0.840050
504.000	 0.000000	 3.481496	 0.840050
505.000	 0.000000	 3.481496	 0.840049
506.000	 0.000000	 3.481496	 0.840049
507.000	 0.000000	 3.481496	 0.840049
508.000	 0.000000	 3.481496	 0.840049
509.000	 0.000000	 3.481495	 0.840049
510.000	 0.000000	 3.481495	 0.840049
511.000	 0.000000	 3.481495	 0.840049
512.000	 0.000000	 3.481495	 0.840049
513.000	 0.000000	 3.481495	 0.840048
514.000	 0.000000	 3.481495	 0.840048
515.000	 0.000000	 3.481495	 0.840048
516.000	 0.000000	 3.481495	 0.840048
517.000	 0.000000	 3.481495	 0.840048
518.000	 0.000000	 3.481495	 0.840048
519.000	 0.000000	 3.481495	 0.840048
520.000	 0.000000	 3.481495	 0.840048
521.000	 0.000000	 3.481495	 0.840048
522.000	 0.000000	 3.481495	 0.840047
523.000	 0.000000	 3.481494	 0.840047
524.000	 0.000000	 3.481494	 0.840047
525.000	 0.000000	 3.481494	 0.840047
526.000	 0.000000	 3.481494	 0.840047
527.000	 0.000000	 3.481494	 0.840047
528.000	 0.000000	 3.481494	 0.840047
529.000	 0.000000	 3.481494	 0.840047
530.000	 0.000000	 3.481494	 0.840046
531.000	 0.000000	 3.481494	 0.840046
532.000	 0.000000	 3.481494	 0.840046
533.000	 0.000000	 3.481494	 0.840046
534.000	 0.000000	 3.481494	 0.840046
535.000	 0.000000	 3.481494	 0.840046
536.000	 0.000000	 3.481493	 0.840046
537.000	 0.000000	 3.481493	 0.840046
538.000	 0.000000	 3.481493	 0.840045
539.000	 0.000000	 3.481493	 0.840045
540.000	 0.000000	 3.481493	 0.840045
541.000	 0.000000	 3.481493	 0.840045
542.000	 0.000000	 3.481493	 0.840045
543.000	 0.000000	 3.481493	 0.840045
544.000	 0.000000	 3.481493	 0.840045
545.000	 0.000000	 3.481493	 0.840045
546.000	 0.000000	 3.481493	 0.840044
547.000	 0.000000	 3.481493	 0.840044
548.000	 0.000000	 3.481492	 0.840044
549.000	 0.000000	 3.481492	 0.840044
550.000	 0.000000	 3.481492	 0.840044
551.000	 0.000000	 3.481492	 0.840044
552.000	 0.000000	 3.481492	 0.840044
553.000	 0.000000	 3.481492	 0.840043
554.000	 0.000000	 3.481492	 0.840043
555.000	 0.000000	 3.481492	 0.840043
556.000	 0.000000	 3.481492	 0.840043
557.000	 0.000000	 3.481492	 0.840043
558.000	 0.000000	 3.481492	 0.840043
559.000	 0.000000	 3.481492	 0.840043
560.000	 0.000000	 3.481491	 0.840042
561.000	 0.000000	 3.481491	 0.840042
562.000	 0.000000	 3.481491	 0.840042
563.000	 0.000000	 3.481491	 0.840042
564.000	 0.000000	 3.481491	 0.840042
565.000	 0.000000	 3.481491	 0.840042
566.000	 0.000000	 3.481491	 0.840042
567.000	 0.000000	 3.481491	 0.840041
568.000	 0.000000	 3.481491	 0.840041
569.000	 0.000000	 3.481491	 0.840041
570.000	 0.000000	 3.481491	 0.840041
571.000	 0.000000	 3.481491	 0.840041
572.000	 0.000000	 3.481490	 0.840041
573.000	 0.000000	 3.481490	 0.840041
574.000	 0.000000	 3.481490	 0.840040
575.000	 0.000000	 3.481490	 0.840040
576.000	 0.000000	 3.481490	 0.840040
577.000	 0.000000	 3.481490	 0.840040
578.000	 0.000000	 3.481490	 0.840040
579.000	 0.000000	 3.481490	 0.840040
580.000	 0.000000	 3.481490	 0.840039
581.000	 0.000000	 3.481490	 0.840039
582.000	 0.000000	 3.481489	 0.840039
583.000	 0.000000	 3.481489	 0.840039
584.000	 0.000000	 3.481489	 0.840039
585.000	 0.000000	 3.481489	 0.840039
586.000	 0.000000	 3.481489	 0.840039
587.000	 0.000000	 3.481489	 0.840038
588.000	 0.000000	 3.481489	 0.840038
589.000	 0.000000	 3.481489	 0.840038
590.000	 0.000000	 3.481489	 0.840038
591.000	 0.000000	 3.481489	 0.840038
592.000	 0.000000	 3.481489	 0.840038
593.000	 0.000000	 3.481488	 0.840037
594.000	 0.000000	 3.481488	 0.840037
595.000	 0.000000	 3.481488	 0.840037
596.000	 0.000000	 3.481488	 0.840037
597.000	 0.000000	 3.481488	 0.840037
598.000	 0.000000	 3.481488	 0.840037
599.000	 0.000000	 3.481488	 0.840036
600.000	 0.000000	 3.481488	 0.840036
601.000	 0.000000	 3.481488	 0.840036
602.000	 0.000000	 3.481488	 0.840036
603.000	 0.000000	 3.481487	 0.840036
604.000	 0.000000	 3.481487	 0.840036
605.000	 0.000000	 3.481487	 0.840035
606.000	 0.000000	 3.481487	 0.840035
607.000	 0.000000	 3.481487	 0.840035
608.000	 0.000000	 3.481487	 0.840035
609.000	 0.000000	 3.481487	 0.840035
610.000	 0.000000	 3.481487	 0.840034
611.000	 0.000000	 3.481487	 0.840034
612.000	 0.000000	 3.481486	 0.840034
613.000	 0.000000	 3.481486	 0.840034
614.000	 0.000000	 3.481486	 0.840034
615.000	 0.000000	 3.481486	 0.840034
616.000	 0.000000	 3.481486	 0.840033
617.000	 0.000000	 3.481486	 0.840033
618.000	 0.000000	 3.481486	 0.840033
619.000	 0.000000	 3.481486	 0.840033
620.000	 0.000000	 3.481486	 0.840033
621.000	 0.000000	 3.481485	 0.840032
622.000	 0.000000	 3.481485	 0.840032
623.000	 0.000000	 3.481485	 0.840032
624.000	 0.000000	 3.481485	 0.840032
625.000	 0.000000	 3.481485	 0.840032
626.000	 0.000000	 3.481485	 0.840032
627.000	 0.000000	 3.481485	 0.840031
628.000	 0.000000	 3.481485	 0.840031
629.000	 0.000000	 3.481485	 0.840031
630.000	 0.000000	 3.481484	 0.840031
631.000	 0.000000	 3.481484	 0.840031
632.000	 0.000000	 3.481484	 0.840030
633.000	 0.000000	 3.481484	 0.840030
634.000	 0.000000	 3.481484	 0.840030
635.000	 0.000000	 3.481484	 0.840030
636.000	 0.000000	 3.481484	 0.840030
637.000	 0.000000	 3.481484	 0.840029
638.000	 0.000000	 3.481483	 0.840029
639.000	 0.000000	 3.481483	 0.840029
640.000	 0.000000	 3.481483	 0.840029
641.000	 0.000000	 3.481483	 0.840028
642.000	 0.000000	 3.481483	 0.840028
643.000	 0.000000	 3.481483	 0.840028
644.000	 0.000000	 3.481483	 0.840028
645.000	 0.000000	 3.481483	 0.840028
646.000	 0.000000	 3.481482	 0.840027
647.000	 0.000000	 3.481482	 0.840027
648.000	 0.000000	 3.481482	 0.840027
649.000	 0.000000	 3.481482	 0.840027
650.000	 0.000000	 3.481482	 0.840027
651.000	 0.000000	 3.481482	 0.840026
652.000	 0.000000	 3.481482	 0.840026
653.000	 0.000000	 3.481481	 0.840026
654.000	 0.000000	 3.481481	 0.840026
655.000	 0.000000	 3.481481	 0.840025
656.000	 0.000000	 3.481481	 0.840025
657.000	 0.000000	 3.481481	 0.840025
658.000	 0.000000	 3.481481	 0.840025
659.000	 0.000000	 3.481481	 0.840025
660.000	 0.000000	 3.481481	 0.840024
661.000	 0.000000	 3.481480	 0.840024
662.000	 0.000000	 3.481480	 0.840024
663.000	 0.000000	 3.481480	 0.840024
664.000	 0.000000	 3.481480	 0.840023
665.000	 0.000000	 3.481480	 0.840023
666.000	 0.000000	 3.481480	 0.840023
667.000	 0.000000	 3.481480	 0.840023
668.000	 0.000000	 3.481479	 0.840022
669.000	 0.000000	 3.481479	 0.840022
670.000	 0.000000	 3.481479	 0.840022
671.000	 0.000000	 3.481479	 0.840022
672.000	 0.000000	 3.481479	 0.840021
673.000	 0.000000	 3.481479	 0.840021
674.000	 0.000000	 3.481478	 0.840021
675.000	 0.000000	 3.481478	 0.840021
676.000	 0.000000	 3.481478	 0.840020
677.000	 0.000000	 3.481478	 0.840020
678.000	 0.000000	 3.481478	 0.840020
679.000	 0.000000	 3.481478	 0.840020
680.000	 0.000000	 3.481478	 0.840019
681.000	 0.000000	 3.481477	 0.840019
682.000	 0.000000	 3.481477	 0.840019
683.000	 0.000000	 3.481477	 0.840019
684.000	 0.000000	 3.481477	 0.840018
685.000	 0.000000	 3.481477	 0.840018
686.000	 0.000000	 3.481477	 0.840018
687.000	 0.000000	 3.481476	 0.840017
688.000	 0.000000	 3.481476	 0.840017
689.000	 0.000000	 3.481476	 0.840017
690.000	 0.000000	 3.481476	 0.840017
691.000	 0.000000	 3.481476	 0.840016
692.000	 0.000000	 3.481476	 0.840016
693.000	 0.000000	 3.481475	 0.840016
694.000	 0.000000	 3.481475	 0.840015
695.000	 0.000000	 3.481475	 0.840015
696.000	 0.000000	 3.481475	 0.840015
697.000	 0.000000	 3.481475	 0.840015
698.000	 0.000000	 3.481475	 0.840014
699.000	 0.000000	 3.481474	 0.840014
700.000	 0.000000	 3.481474	 0.840014
701.000	 0.000000	 3.481474	 0.840013
702.000	 0.000000	 3.481474	 0.840013
703.000	 0.000000	 3.481474	 0.840013
704.000	 0.000000	 3.481473	 0.840013
705.000	 0.000000	 3.481473	 0.840012
706.000	 0.000000	 3.481473	 0.840012
707.000	 0.000000	 3.481473	 0.840012
708.000	 0.000000	 3.481473	 0.840011
709.000	 0.000000	 3.481473	 0.840011
710.000	 0.000000	 3.481472	 0.840011
711.000	 0.000000	 3.481472	 0.840010
712.000	 0.000000	 3.481472	 0.840010
713.000	 0.000000	 3.481472	 0.840010
714.000	 0.000000	 3.481472	 0.840009
715.000	 0.000000	 3.481471	 0.840009
716.000	 0.000000	 3.481471	 0.840009
717.000	 0.000000	 3.481471	 0.840008
718.000	 0.000000	 3.481471	 0.840008
719.000	 0.000000	 3.481471	 0.840008
720.000	 0.000000	 3.481470	 0.840007
721.000	 0.000000	 3.481470	 0.840007
722.000	 0.000000	 3.481470	 0.840007
723.000	 0.000000	 3.481470	 0.840006
724.000	 0.000000	 3.481470	 0.840006
725.000	 0.000000	 3.481469	 0.840006
726.000	 0.000000	 3.481469	 0.840005
727.000	 0.000000	 3.481469	 0.840005
728.000	 0.000000	 3.481469	 0.840005
729.000	 0.000000	 3.481468	 0.840004
730.000	 0.000000	 3.481468	 0.840004
731.000	 0.000000	 3.481468	 0.840003
732.000	 0.000000	 3.481468	 0.840003
733.000	 0.000000	 3.481468	 0.840003
734.000	 0.000000	 3.481467	 0.840002
735.000	 0.000000	 3.481467	 0.840002
736.000	 0.000000	 3.481467	 0.840002
737.000	 0.000000	 3.481467	 0.840001
738.000	 0.000000	 3.481466	 0.840001
739.000	 0.000000	 3.481466	 0.840000
740.000	 0.000000	 3.481466	 0.840000
741.000	 0.000000	 3.481466	 0.840000
742.000	 0.000000	 3.481465	 0.839999
743.000	 0.000000	 3.481465	 0.839999
744.000	 0.000000	 3.481465	 0.839998
745.000	 0.000000	 3.481465	 0.839998
746.000	 0.000000	 3.481465	 0.839998
747.000	 0.000000	 3.481464	 0.839997
748.000	 0.000000	 3.481464	 0.839997
749.000	 0.000000	 3.481464	 0.839996
750.000	 0.000000	 3.481464	 0.839996
751.000	 0.000000	 3.481463	 0.839995
752.000	 0.000000	 3.481463	 0.839995
753.000	 0.000000	 3.481463	 0.839995
754.000	 0.000000	 3.481462	 0.839994
755.000	 0.000000	 3.481462	 0.839994
756.000	 0.000000	 3.481462	 0.839993
757.000	 0.000000	 3.481462	 0.839993
758.000	 0.000000	 3.481461	 0.839992
759.000	 0.000000	 3.481461	 0.839992
760.000	 0.000000	 3.481461	 0.839991
761.000	 0.000000	 3.481461	 0.839991
762.000	 0.000000	 3.481460	 0.839990
763.000	 0.000000	 3.481460	 0.839990
764.000	 0.000000	 3.481460	 0.839990
765.000	 0.000000	 3.481459	 0.839989
766.000	 0.000000	 3.481459	 0.839989
767.000	 0.000000	 3.481459	 0.839988
768.000	 0.000000	 3.481459	 0.839988
769.000	 0.000000	 3.481458	 0.839987
770.000	 0.000000	 3.481458	 0.839987
771.000	 0.000000	 3.481458	 0.839986
772.000	 0.000000	 3.481457	 0.839986
773.000	 0.000000	 3.481457	 0.839985
774.000	 0.000000	 3.481457	 0.839985
775.000	 0.000000	 3.481456	 0.839984
776.000	 0.000000	 3.481456	 0.839984
777.000	 0.000000	 3.481456	 0.839983
778.000	 0.000000	 3.481455	 0.839982
779.000	 0.000000	 3.481455	 0.839982
780.000	 0.000000	 3.481455	 0.839981
781.000	 0.000000	 3.481454	 0.839981
782.000	 0.000000	 3.481454	 0.839980
783.000	 0.000000	 3.481454	 0.839980
784.000	 0.000000	 3.481453	 0.839979
785.000	 0.000000	 3.481453	 0.839979
786.000	 0.000000	 3.481453	 0.839978
787.000	 0.000000	 3.481452	 0.839977
788.000	 0.000000	 3.481452	 0.839977
789.000	 0.000000	 3.481452	 0.839976
790.000	 0.000000	 3.481451	 0.839976
791.000	 0.000000	 3.481451	 0.839975
792.000	 0.000000	 3.481451	 0.839974
793.000	 0.000000	 3.481450	 0.839974
794.000	 0.000000	 3.481450	 0.839973
795.000	 0.000000	 3.481450	 0.839972
796.000	 0.000000	 3.481449	 0.839972
797.000	 0.000000	 3.481449	 0.839971
798.000	 0.000000	 3.481448	 0.839971
799.000	 0.000000	 3.481448	 0.839970
800.000	 0.000000	 3.481448	 0.839969
801.000	 0.000000	 3.481447	 0.839969
802.000	 0.000000	 3.481447	 0.839968
803.000	 0.000000	 3.481446	 0.839967
804.000	 0.000000	 3.481446	 0.839966
805.000	 0.000000	 3.481446	 0.839966
806.000	 0.000000	 3.481445	 0.839965
807.000	 0.000000	 3.481445	 0.839964
808.000	 0.000000	 3.481444	 0.839964
809.000	 0.000000	 3.481444	 0.839963
810.000	 0.000000	 3.481443	 0.839962
811.000	 0.000000	 3.481443	 0.839961
812.000	 0.000000	 3.481442	 0.839961
813.000	 0.000000	 3.481442	 0.839960
814.000	 0.000000	 3.481442	 0.839959
815.000	 0.000000	 3.481441	 0.839958
816.000	 0.000000	 3.481441	 0.839958
817.000	 0.000000	 3.481440	 0.839957
818.000	 0.000000	 3.481440	 0.839956
819.000	 0.000000	 3.481439	 0.839955
820.000	 0.000000	 3.481439	 0.839954
821.000	 0.000000	 3.481438	 0.839953
822.000	 0.000000	 3.481438	 0.839953
823.000	 0.000000	 3.481437	 0.839952
824.000	 0.000000	 3.481437	 0.839951
825.000	 0.000000	 3.481436	 0.839950
826.000	 0.000000	 3.481436	 0.839949
827.000	 0.000000	 3.481435	 0.839948
828.000	 0.000000	 3.481435	 0.839947
829.000	 0.000000	 3.481434	 0.839946
830.000	 0.000000	 3.481433	 0.839945
831.000	 0.000000	 3.481433	 0.839945
832.000	 0.000000	 3.481432	 0.839944
833.000	 0.000000	 3.481432	 0.839943
834.000	 0.000000	 3.481431	 0.839942
835.000	 0.000000	 3.481431	 0.839941
836.000	 0.000000	 3.481430	 0.839940
837.000	 0.000000	 3.481429	 0.839939
838.000	 0.000000	 3.481429	 0.839938
839.000	 0.000000	 3.481428	 0.839937
840.000	 0.000000	 3.481428	 0.839936
841.000	 0.000000	 3.481427	 0.839934
842.000	 0.000000	 3.481426	 0.839933
843.000	 0.000000	 3.481426	 0.839932
844.000	 0.000000	 3.481425	 0.839931
845.000	 0.000000	 3.481424	 0.839930
846.000	 0.000000	 3.481424	 0.839929
847.000	 0.000000	 3.481423	 0.839928
848.000	 0.000000	 3.481422	 0.839927
849.000	 0.000000	 3.481421	 0.839925
850.000	 0.000000	 3.481421	 0.839924
851.000	 0.000000	 3.481420	 0.839923
852.000	 0.000000	 3.481419	 0.839922
853.000	 0.000000	 3.481419	 0.839920
854.000	 0.000000	 3.481418	 0.839919
855.000	 0.000000	 3.481417	 0.839918
856.000	 0.000000	 3.481416	 0.839917
857.000	 0.000000	 3.481415	 0.839915
858.000	 0.000000	 3.481415	 0.839914
859.000	 0.000000	 3.481414	 0.839912
860.000	 0.000000	 3.481413	 0.839911
861.000	 0.000000	 3.481412	 0.839910
862.000	 0.000000	 3.481411	 0.839908
863.000	 0.000000	 3.481410	 0.839907
864.000	 0.000000	 3.481409	 0.839905
865.000	 0.000000	 3.481409	 0.839904
866.000	 0.000000	 3.481408	 0.839902
867.000	 0.000000	 3.481407	 0.839901
868.000	 0.000000	 3.481406	 0.839899
869.000	 0.000000	 3.481405	 0.839897
870.000	 0.000000	 3.481404	 0.839896
871.000	 0.000000	 3.481403	 0.839894
872.000	 0.000000	 3.481402	 0.839892
873.000	 0.000000	 3.481401	 0.839891
874.000	 0.000000	 3.481400	 0.839889
875.000	 0.000000	 3.481399	 0.839887
876.000	 0.000000	 3.481397	 0.839885
877.000	 0.000000	 3.481396	 0.839883
878.000	 0.000000	 3.481395	 0.839881
879.000	 0.000000	 3.481394	 0.839879
880.000	 0.000000	 3.481393	 0.839877
881.000	 0.000000	 3.481392	 0.839875
882.000	 0.000000	 3.481390	 0.839873
883.000	 0.000000	 3.481389	 0.839871
884.000	 0.000000	 3.481388	 0.839869
885.000	 0.000000	 3.481387	 0.839867
886.000	 0.000000	 3.481385	 0.839865
887.000	 0.000000	 3.481384	 0.839862
888.000	 0.000000	 3.481382	 0.839860
889.000	 0.000000	 3.481381	 0.839858
890.000	 0.000000	 3.481380	 0.839855
891.000	 0.000000	 3.481378	 0.839853
892.000	 0.000000	 3.481376	 0.839851
893.000	 0.000000	 3.481375	 0.839848
894.000	 0.000000	 3.481373	 0.839845
895.000	 0.000000	 3.481372	 0.839842
896.000	 0.000000	 3.481370	 0.839840
897.000	 0.000000	 3.481368	 0.839837
898.000	 0.000000	 3.481368	 0.839833
899.000	 0.000000	 3.481364	 0.839833
900.000	 0.000000	 3.481365	 0.839823
901.000	 0.000000	 3.481353	 0.839824
902.000	 0.000000	 3.481337	 0.839762
903.000	 0.000000	 3.481141	 0.839487
904.000	 0.000000	 3.479892	 0.837312
905.000	 0.000000	 3.471166	 0.822764
906.000	 0.000000	 3.423488	 0.742176
907.000	 0.000000	 3.284524	 0.504604
908.000	 0.000000	 3.122451	 0.219879
909.000	 0.000000	 3.037883	 0.068374
910.000	 0.000000	 3.010202	 0.018440
911.000	 0.000000	 3.002634	 0.004763
912.000	 0.000000	 3.000673	 0.001216
913.000	 0.000000	 3.000171	 0.000310
914.000	 0.000000	 3.000044	 0.000079
915.000	 0.000000	 3.000011	 0.000020
916.000	 0.000000	 3.000003	 0.000005
917.000	 0.000000	 3.000001	 0.000001
918.000	 0.000000	 3.000000	 0.000000
919.000	 0.000000	 3.000000	 0.000000
920.000	 0.000000	 3.000000	 0.000000
921.000	 0.000000	 3.000000	 0.000000
922.000	 0.000000	 3.000000	 0.000000
923.000	 0.000000	 3.000000	 0.000000
924.000	 0.000000	 3.000000	 0.000000
925.000	 0.000000	 3.000000	 0.000000
926.000	 0.000000	 3.000000	 0.000000
927.000	 0.000000	 3.000000	 0.000000
928.000	 0.000000	 3.000000	 0.000000
929.000	 0.000000	 3.000000	 0.000000
930.000	 0.000000	 3.000000	 0.000000
931.000	 0.000000	 3.000000	 0.000000
932.000	 0.000000	 3.000000	 0.000000
933.000	 0.000000	 3.000000	 0.000000
934.000	 0.000000	 3.000000	 0.000000
935.000	 0.000000	 3.000000	 0.000000
936.000	 0.000000	 3.000000	 0.000000
937.000	 0.000000	 3.000000	 0.000000
938.000	 0.000000	 3.000000	 0.000000
939.000	 0.000000	 3.000000	 0.000000
940.000	 0.000000	 3.000000	 0.000000
941.000	 0.000000	 3.000000	 0.000000
942.000	 0.000000	 3.000000	 0.000000
943.000	 0.000000	 3.000000	 0.000000
944.000	 0.000000	 3.000000	 0.000000
945.000	 0.000000	 3.000000	 0.000000
946.000	 0.000000	 3.000000	 0.000000
947.000	 0.000000	 3.000000	 0.000000
948.000	 0.000000	 3.000000	 0.000000
949.000	 0.000000	 3.000000	 0.000000
950.000	 0.000000	 3.000000	 0.000000
951.000	 0.000000	 3.000000	 0.000000
952.000	 0.000000	 3.000000	 0.000000
953.000	 0.000000	 3.000000	 0.000000
954.000	 0.000000	 3.000000	 0.000000
955.000	 0.000000	 3.000000	 0.000000
956.000	 0.000000	 3.000000	 0.000000
957.000	 0.000000	 3.000000	 0.000000
958.000	 0.000000	 3.000000	 0.000000
959.000	 0.000000	 3.000000	 0.000000
960.000	 0.000000	 3.000000	 0.000000
961.000	 0.000000	 3.000000	 0.000000
962.000	 0.000000	 3.000000	 0.000000
963.000	 0.000000	 3.000000	 0.000000
964.000	 0.000000	 3.000000	 0.000000
965.000	 0.000000	 3.000000	 0.000000
966.000	 0.000000	 3.000000	 0.000000
967.000	 0.000000	 3.000000	 0.000000
968.000	 0.000000	 3.000000	 0.000000
969.000	 0.000000	 3.000000	 0.000000
970.000	 0.000000	 3.000000	 0.000000
971.000	 0.000000	 3.000000	 0.000000
972.000	 0.000000	 3.000000	 0.000000
973.000	 0.000000	 3.000000	 0.000000
974.000	 0.000000	 3.000000	 0.000000
975.000	 0.000000	 3.000000	 0.000000
976.000	 0.000000	 3.000000	 0.000000
977.000	 0.000000	 3.000000	 0.000000
978.000	 0.000000	 3.000000	 0.000000
979.000	 0.000000	 3.000000	 0.000000
980.000	 0.000000	 3.000000	 0.000000
981.000	 0.000000	 3.000000	 0.000000
982.000	 0.000000	 3.000000	 0.000000
983.000	 0.000000	 3.000000	 0.000000
984.000	 0.000000	 3.000000	 0.000000
985.000	 0.000000	 3.000000	 0.000000
986.000	 0.000000	 3.000000	 0.000000
987.000	 0.000000	 3.000000	 0.000000
988.000	 0.000000	 3.000000	 0.000000
989.000	 0.000000	 3.000000	 0.000000
990.000	 0.000000	 3.000000	 0.000000
991.000	 0.000000	 3.000000	 0.000000
992.000	 0.000000	 3.000000	 0.000000
993.000	 0.000000	 3.000000	 0.000000
994.000	 0.000000	 3.000000	 0.000000
995.000	 0.000000	 3.000000	 0.000000
996.000	 0.000000	 3.000000	 0.000000
997.000	 0.000000	 3.000000	 0.000000
998.000	 0.000000	 3.000000	 0.000000
999.000	 0.000000	 3.000000	 0.000000
